<?xml version="1.0" encoding="UTF-8"?>
<!-- Generated by org.testng.reporters.JUnitReportReporter -->
<testsuite hostname="DESKTOP-KGB2DB6" failures="0" tests="1" name="testCases.LoginTestCase" time="13.400" errors="0" timestamp="2024-03-01T21:59:15 IST" skipped="0">
  <testcase classname="testCases.LoginTestCase" name="register" time="13.400"/>
</testsuite> <!-- testCases.LoginTestCase -->
