<?xml version="1.0" encoding="UTF-8"?>
<!-- Generated by org.testng.reporters.JUnitReportReporter -->
<testsuite hostname="DESKTOP-KGB2DB6" failures="0" tests="3" name="testCases.RegistrationTestCase" time="28.659" errors="0" timestamp="2024-03-01T21:58:02 IST" skipped="0">
  <testcase classname="testCases.RegistrationTestCase" name="OpenBrowser" time="3.000"/>
  <testcase classname="testCases.RegistrationTestCase" name="launchApp" time="5.905"/>
  <testcase classname="testCases.RegistrationTestCase" name="register" time="19.754"/>
</testsuite> <!-- testCases.RegistrationTestCase -->
